2022.9.11:22:8:20 - Event –  System Is Starting
2022.9.11:22:8:21 - Event –  The user entered the number: 8
2022.9.11:22:8:21 - Event –  Open file succed
2022.9.11:22:8:21 - Event –  Close the file
2022.9.11:22:8:21 - Event –  End Of System
9.11.2022:22:8:40 - Event –  System Is Starting
9.11.2022:22:8:42 - Event –  The user entered the number: 2
9.11.2022:22:8:42 - Event –  Open file succed
9.11.2022:22:8:42 - Event –  Close the file
9.11.2022:22:8:42 - Event –  End Of System
11.9.2022 23:8:56 - Event –  System Is Starting
11.9.2022 23:8:57 - Event –  The user entered the number: 4
11.9.2022 23:8:57 - Event –  Open file succed
11.9.2022 23:8:57 - Event –  Close the file
11.9.2022 23:8:57 - Event –  End Of System
11.9.2022 23:2:2 - Event –  System Is Starting
11.9.2022 23:2:2 - Event –  The user entered the number: 2
11.9.2022 23:2:2 - Event –  Open file succed
11.9.2022 23:2:2 - Event –  Close the file
11.9.2022 23:2:2 - Event –  End Of System
